2019-03-18T04:04:43+00:00 ERR (3): 
exception 'Mage_Core_Exception' with message 'Produto não carregado' in /home2/unbuon68/public_html/app/code/local/Smartwave/Ajaxcart/controllers/IndexController.php:241
Stack trace:
#0 /home2/unbuon68/public_html/app/code/core/Mage/Core/Controller/Varien/Action.php(418): Smartwave_Ajaxcart_IndexController->optionsAction()
#1 /home2/unbuon68/public_html/app/code/core/Mage/Core/Controller/Varien/Router/Standard.php(254): Mage_Core_Controller_Varien_Action->dispatch('options')
#2 /home2/unbuon68/public_html/app/code/core/Mage/Core/Controller/Varien/Front.php(172): Mage_Core_Controller_Varien_Router_Standard->match(Object(Mage_Core_Controller_Request_Http))
#3 /home2/unbuon68/public_html/app/code/core/Mage/Core/Model/App.php(365): Mage_Core_Controller_Varien_Front->dispatch()
#4 /home2/unbuon68/public_html/app/Mage.php(684): Mage_Core_Model_App->run(Array)
#5 /home2/unbuon68/public_html/index.php(83): Mage::run('', 'store')
#6 {main}
2019-03-19T11:49:21+00:00 ERR (3): 
exception 'PDOException' with message 'SQLSTATE[23000]: Integrity constraint violation: 1062 Duplicate entry '19' for key 'PRIMARY'' in /home2/unbuon68/public_html/lib/Zend/Db/Statement/Pdo.php:228
Stack trace:
#0 /home2/unbuon68/public_html/lib/Zend/Db/Statement/Pdo.php(228): PDOStatement->execute(Array)
#1 /home2/unbuon68/public_html/lib/Varien/Db/Statement/Pdo/Mysql.php(110): Zend_Db_Statement_Pdo->_execute(Array)
#2 /home2/unbuon68/public_html/app/code/core/Zend/Db/Statement.php(291): Varien_Db_Statement_Pdo_Mysql->_execute(Array)
#3 /home2/unbuon68/public_html/lib/Zend/Db/Adapter/Abstract.php(480): Zend_Db_Statement->execute(Array)
#4 /home2/unbuon68/public_html/lib/Zend/Db/Adapter/Pdo/Abstract.php(238): Zend_Db_Adapter_Abstract->query('INSERT INTO `lo...', Array)
#5 /home2/unbuon68/public_html/lib/Varien/Db/Adapter/Pdo/Mysql.php(504): Zend_Db_Adapter_Pdo_Abstract->query('INSERT INTO `lo...', Array)
#6 /home2/unbuon68/public_html/lib/Zend/Db/Adapter/Abstract.php(576): Varien_Db_Adapter_Pdo_Mysql->query('INSERT INTO `lo...', Array)
#7 /home2/unbuon68/public_html/app/code/core/Mage/Log/Model/Resource/Visitor.php(290): Zend_Db_Adapter_Abstract->insert('log_quote', Array)
#8 /home2/unbuon68/public_html/app/code/core/Mage/Log/Model/Resource/Visitor.php(141): Mage_Log_Model_Resource_Visitor->_saveQuoteInfo(Object(Mage_Log_Model_Visitor))
#9 /home2/unbuon68/public_html/app/code/core/Mage/Core/Model/Resource/Db/Abstract.php(463): Mage_Log_Model_Resource_Visitor->_afterSave(Object(Mage_Log_Model_Visitor))
#10 /home2/unbuon68/public_html/app/code/core/Mage/Core/Model/Abstract.php(318): Mage_Core_Model_Resource_Db_Abstract->save(Object(Mage_Log_Model_Visitor))
#11 /home2/unbuon68/public_html/app/code/core/Mage/Log/Model/Visitor.php(237): Mage_Core_Model_Abstract->save()
#12 /home2/unbuon68/public_html/app/code/core/Mage/Core/Model/App.php(1358): Mage_Log_Model_Visitor->saveByRequest(Object(Varien_Event_Observer))
#13 /home2/unbuon68/public_html/app/code/core/Mage/Core/Model/App.php(1337): Mage_Core_Model_App->_callObserverMethod(Object(Mage_Log_Model_Visitor), 'saveByRequest', Object(Varien_Event_Observer))
#14 /home2/unbuon68/public_html/app/Mage.php(448): Mage_Core_Model_App->dispatchEvent('controller_acti...', Array)
#15 /home2/unbuon68/public_html/app/code/core/Mage/Core/Controller/Varien/Action.php(551): Mage::dispatchEvent('controller_acti...', Array)
#16 /home2/unbuon68/public_html/app/code/core/Mage/Core/Controller/Front/Action.php(80): Mage_Core_Controller_Varien_Action->postDispatch()
#17 /home2/unbuon68/public_html/app/code/core/Mage/Core/Controller/Varien/Action.php(422): Mage_Core_Controller_Front_Action->postDispatch()
#18 /home2/unbuon68/public_html/app/code/core/Mage/Core/Controller/Varien/Router/Standard.php(254): Mage_Core_Controller_Varien_Action->dispatch('add')
#19 /home2/unbuon68/public_html/app/code/core/Mage/Core/Controller/Varien/Front.php(172): Mage_Core_Controller_Varien_Router_Standard->match(Object(Mage_Core_Controller_Request_Http))
#20 /home2/unbuon68/public_html/app/code/core/Mage/Core/Model/App.php(365): Mage_Core_Controller_Varien_Front->dispatch()
#21 /home2/unbuon68/public_html/app/Mage.php(684): Mage_Core_Model_App->run(Array)
#22 /home2/unbuon68/public_html/index.php(83): Mage::run('', 'store')
#23 {main}

Next exception 'Zend_Db_Statement_Exception' with message 'SQLSTATE[23000]: Integrity constraint violation: 1062 Duplicate entry '19' for key 'PRIMARY', query was: INSERT INTO `log_quote` (`quote_id`, `visitor_id`, `created_at`) VALUES (?, ?, '2019-03-19 11:49:21')' in /home2/unbuon68/public_html/lib/Zend/Db/Statement/Pdo.php:235
Stack trace:
#0 /home2/unbuon68/public_html/lib/Varien/Db/Statement/Pdo/Mysql.php(110): Zend_Db_Statement_Pdo->_execute(Array)
#1 /home2/unbuon68/public_html/app/code/core/Zend/Db/Statement.php(291): Varien_Db_Statement_Pdo_Mysql->_execute(Array)
#2 /home2/unbuon68/public_html/lib/Zend/Db/Adapter/Abstract.php(480): Zend_Db_Statement->execute(Array)
#3 /home2/unbuon68/public_html/lib/Zend/Db/Adapter/Pdo/Abstract.php(238): Zend_Db_Adapter_Abstract->query('INSERT INTO `lo...', Array)
#4 /home2/unbuon68/public_html/lib/Varien/Db/Adapter/Pdo/Mysql.php(504): Zend_Db_Adapter_Pdo_Abstract->query('INSERT INTO `lo...', Array)
#5 /home2/unbuon68/public_html/lib/Zend/Db/Adapter/Abstract.php(576): Varien_Db_Adapter_Pdo_Mysql->query('INSERT INTO `lo...', Array)
#6 /home2/unbuon68/public_html/app/code/core/Mage/Log/Model/Resource/Visitor.php(290): Zend_Db_Adapter_Abstract->insert('log_quote', Array)
#7 /home2/unbuon68/public_html/app/code/core/Mage/Log/Model/Resource/Visitor.php(141): Mage_Log_Model_Resource_Visitor->_saveQuoteInfo(Object(Mage_Log_Model_Visitor))
#8 /home2/unbuon68/public_html/app/code/core/Mage/Core/Model/Resource/Db/Abstract.php(463): Mage_Log_Model_Resource_Visitor->_afterSave(Object(Mage_Log_Model_Visitor))
#9 /home2/unbuon68/public_html/app/code/core/Mage/Core/Model/Abstract.php(318): Mage_Core_Model_Resource_Db_Abstract->save(Object(Mage_Log_Model_Visitor))
#10 /home2/unbuon68/public_html/app/code/core/Mage/Log/Model/Visitor.php(237): Mage_Core_Model_Abstract->save()
#11 /home2/unbuon68/public_html/app/code/core/Mage/Core/Model/App.php(1358): Mage_Log_Model_Visitor->saveByRequest(Object(Varien_Event_Observer))
#12 /home2/unbuon68/public_html/app/code/core/Mage/Core/Model/App.php(1337): Mage_Core_Model_App->_callObserverMethod(Object(Mage_Log_Model_Visitor), 'saveByRequest', Object(Varien_Event_Observer))
#13 /home2/unbuon68/public_html/app/Mage.php(448): Mage_Core_Model_App->dispatchEvent('controller_acti...', Array)
#14 /home2/unbuon68/public_html/app/code/core/Mage/Core/Controller/Varien/Action.php(551): Mage::dispatchEvent('controller_acti...', Array)
#15 /home2/unbuon68/public_html/app/code/core/Mage/Core/Controller/Front/Action.php(80): Mage_Core_Controller_Varien_Action->postDispatch()
#16 /home2/unbuon68/public_html/app/code/core/Mage/Core/Controller/Varien/Action.php(422): Mage_Core_Controller_Front_Action->postDispatch()
#17 /home2/unbuon68/public_html/app/code/core/Mage/Core/Controller/Varien/Router/Standard.php(254): Mage_Core_Controller_Varien_Action->dispatch('add')
#18 /home2/unbuon68/public_html/app/code/core/Mage/Core/Controller/Varien/Front.php(172): Mage_Core_Controller_Varien_Router_Standard->match(Object(Mage_Core_Controller_Request_Http))
#19 /home2/unbuon68/public_html/app/code/core/Mage/Core/Model/App.php(365): Mage_Core_Controller_Varien_Front->dispatch()
#20 /home2/unbuon68/public_html/app/Mage.php(684): Mage_Core_Model_App->run(Array)
#21 /home2/unbuon68/public_html/index.php(83): Mage::run('', 'store')
#22 {main}
2019-03-20T03:46:56+00:00 ERR (3): 
exception 'Mage_Core_Exception' with message 'Produto não carregado' in /home2/unbuon68/public_html/app/code/local/Smartwave/Ajaxcart/controllers/IndexController.php:241
Stack trace:
#0 /home2/unbuon68/public_html/app/code/core/Mage/Core/Controller/Varien/Action.php(418): Smartwave_Ajaxcart_IndexController->optionsAction()
#1 /home2/unbuon68/public_html/app/code/core/Mage/Core/Controller/Varien/Router/Standard.php(254): Mage_Core_Controller_Varien_Action->dispatch('options')
#2 /home2/unbuon68/public_html/app/code/core/Mage/Core/Controller/Varien/Front.php(172): Mage_Core_Controller_Varien_Router_Standard->match(Object(Mage_Core_Controller_Request_Http))
#3 /home2/unbuon68/public_html/app/code/core/Mage/Core/Model/App.php(365): Mage_Core_Controller_Varien_Front->dispatch()
#4 /home2/unbuon68/public_html/app/Mage.php(684): Mage_Core_Model_App->run(Array)
#5 /home2/unbuon68/public_html/index.php(83): Mage::run('', 'store')
#6 {main}
2019-03-20T12:22:48+00:00 ERR (3): 
exception 'PDOException' with message 'SQLSTATE[23000]: Integrity constraint violation: 1062 Duplicate entry '21' for key 'PRIMARY'' in /home2/unbuon68/public_html/lib/Zend/Db/Statement/Pdo.php:228
Stack trace:
#0 /home2/unbuon68/public_html/lib/Zend/Db/Statement/Pdo.php(228): PDOStatement->execute(Array)
#1 /home2/unbuon68/public_html/lib/Varien/Db/Statement/Pdo/Mysql.php(110): Zend_Db_Statement_Pdo->_execute(Array)
#2 /home2/unbuon68/public_html/app/code/core/Zend/Db/Statement.php(291): Varien_Db_Statement_Pdo_Mysql->_execute(Array)
#3 /home2/unbuon68/public_html/lib/Zend/Db/Adapter/Abstract.php(480): Zend_Db_Statement->execute(Array)
#4 /home2/unbuon68/public_html/lib/Zend/Db/Adapter/Pdo/Abstract.php(238): Zend_Db_Adapter_Abstract->query('INSERT INTO `lo...', Array)
#5 /home2/unbuon68/public_html/lib/Varien/Db/Adapter/Pdo/Mysql.php(504): Zend_Db_Adapter_Pdo_Abstract->query('INSERT INTO `lo...', Array)
#6 /home2/unbuon68/public_html/lib/Zend/Db/Adapter/Abstract.php(576): Varien_Db_Adapter_Pdo_Mysql->query('INSERT INTO `lo...', Array)
#7 /home2/unbuon68/public_html/app/code/core/Mage/Log/Model/Resource/Visitor.php(290): Zend_Db_Adapter_Abstract->insert('log_quote', Array)
#8 /home2/unbuon68/public_html/app/code/core/Mage/Log/Model/Resource/Visitor.php(141): Mage_Log_Model_Resource_Visitor->_saveQuoteInfo(Object(Mage_Log_Model_Visitor))
#9 /home2/unbuon68/public_html/app/code/core/Mage/Core/Model/Resource/Db/Abstract.php(463): Mage_Log_Model_Resource_Visitor->_afterSave(Object(Mage_Log_Model_Visitor))
#10 /home2/unbuon68/public_html/app/code/core/Mage/Core/Model/Abstract.php(318): Mage_Core_Model_Resource_Db_Abstract->save(Object(Mage_Log_Model_Visitor))
#11 /home2/unbuon68/public_html/app/code/core/Mage/Log/Model/Visitor.php(237): Mage_Core_Model_Abstract->save()
#12 /home2/unbuon68/public_html/app/code/core/Mage/Core/Model/App.php(1358): Mage_Log_Model_Visitor->saveByRequest(Object(Varien_Event_Observer))
#13 /home2/unbuon68/public_html/app/code/core/Mage/Core/Model/App.php(1337): Mage_Core_Model_App->_callObserverMethod(Object(Mage_Log_Model_Visitor), 'saveByRequest', Object(Varien_Event_Observer))
#14 /home2/unbuon68/public_html/app/Mage.php(448): Mage_Core_Model_App->dispatchEvent('controller_acti...', Array)
#15 /home2/unbuon68/public_html/app/code/core/Mage/Core/Controller/Varien/Action.php(551): Mage::dispatchEvent('controller_acti...', Array)
#16 /home2/unbuon68/public_html/app/code/core/Mage/Core/Controller/Front/Action.php(80): Mage_Core_Controller_Varien_Action->postDispatch()
#17 /home2/unbuon68/public_html/app/code/core/Mage/Customer/controllers/AccountController.php(102): Mage_Core_Controller_Front_Action->postDispatch()
#18 /home2/unbuon68/public_html/app/code/core/Mage/Core/Controller/Varien/Action.php(422): Mage_Customer_AccountController->postDispatch()
#19 /home2/unbuon68/public_html/app/code/core/Mage/Core/Controller/Varien/Router/Standard.php(254): Mage_Core_Controller_Varien_Action->dispatch('createpost')
#20 /home2/unbuon68/public_html/app/code/core/Mage/Core/Controller/Varien/Front.php(172): Mage_Core_Controller_Varien_Router_Standard->match(Object(Mage_Core_Controller_Request_Http))
#21 /home2/unbuon68/public_html/app/code/core/Mage/Core/Model/App.php(365): Mage_Core_Controller_Varien_Front->dispatch()
#22 /home2/unbuon68/public_html/app/Mage.php(684): Mage_Core_Model_App->run(Array)
#23 /home2/unbuon68/public_html/index.php(83): Mage::run('', 'store')
#24 {main}

Next exception 'Zend_Db_Statement_Exception' with message 'SQLSTATE[23000]: Integrity constraint violation: 1062 Duplicate entry '21' for key 'PRIMARY', query was: INSERT INTO `log_quote` (`quote_id`, `visitor_id`, `created_at`) VALUES (?, ?, '2019-03-20 12:22:48')' in /home2/unbuon68/public_html/lib/Zend/Db/Statement/Pdo.php:235
Stack trace:
#0 /home2/unbuon68/public_html/lib/Varien/Db/Statement/Pdo/Mysql.php(110): Zend_Db_Statement_Pdo->_execute(Array)
#1 /home2/unbuon68/public_html/app/code/core/Zend/Db/Statement.php(291): Varien_Db_Statement_Pdo_Mysql->_execute(Array)
#2 /home2/unbuon68/public_html/lib/Zend/Db/Adapter/Abstract.php(480): Zend_Db_Statement->execute(Array)
#3 /home2/unbuon68/public_html/lib/Zend/Db/Adapter/Pdo/Abstract.php(238): Zend_Db_Adapter_Abstract->query('INSERT INTO `lo...', Array)
#4 /home2/unbuon68/public_html/lib/Varien/Db/Adapter/Pdo/Mysql.php(504): Zend_Db_Adapter_Pdo_Abstract->query('INSERT INTO `lo...', Array)
#5 /home2/unbuon68/public_html/lib/Zend/Db/Adapter/Abstract.php(576): Varien_Db_Adapter_Pdo_Mysql->query('INSERT INTO `lo...', Array)
#6 /home2/unbuon68/public_html/app/code/core/Mage/Log/Model/Resource/Visitor.php(290): Zend_Db_Adapter_Abstract->insert('log_quote', Array)
#7 /home2/unbuon68/public_html/app/code/core/Mage/Log/Model/Resource/Visitor.php(141): Mage_Log_Model_Resource_Visitor->_saveQuoteInfo(Object(Mage_Log_Model_Visitor))
#8 /home2/unbuon68/public_html/app/code/core/Mage/Core/Model/Resource/Db/Abstract.php(463): Mage_Log_Model_Resource_Visitor->_afterSave(Object(Mage_Log_Model_Visitor))
#9 /home2/unbuon68/public_html/app/code/core/Mage/Core/Model/Abstract.php(318): Mage_Core_Model_Resource_Db_Abstract->save(Object(Mage_Log_Model_Visitor))
#10 /home2/unbuon68/public_html/app/code/core/Mage/Log/Model/Visitor.php(237): Mage_Core_Model_Abstract->save()
#11 /home2/unbuon68/public_html/app/code/core/Mage/Core/Model/App.php(1358): Mage_Log_Model_Visitor->saveByRequest(Object(Varien_Event_Observer))
#12 /home2/unbuon68/public_html/app/code/core/Mage/Core/Model/App.php(1337): Mage_Core_Model_App->_callObserverMethod(Object(Mage_Log_Model_Visitor), 'saveByRequest', Object(Varien_Event_Observer))
#13 /home2/unbuon68/public_html/app/Mage.php(448): Mage_Core_Model_App->dispatchEvent('controller_acti...', Array)
#14 /home2/unbuon68/public_html/app/code/core/Mage/Core/Controller/Varien/Action.php(551): Mage::dispatchEvent('controller_acti...', Array)
#15 /home2/unbuon68/public_html/app/code/core/Mage/Core/Controller/Front/Action.php(80): Mage_Core_Controller_Varien_Action->postDispatch()
#16 /home2/unbuon68/public_html/app/code/core/Mage/Customer/controllers/AccountController.php(102): Mage_Core_Controller_Front_Action->postDispatch()
#17 /home2/unbuon68/public_html/app/code/core/Mage/Core/Controller/Varien/Action.php(422): Mage_Customer_AccountController->postDispatch()
#18 /home2/unbuon68/public_html/app/code/core/Mage/Core/Controller/Varien/Router/Standard.php(254): Mage_Core_Controller_Varien_Action->dispatch('createpost')
#19 /home2/unbuon68/public_html/app/code/core/Mage/Core/Controller/Varien/Front.php(172): Mage_Core_Controller_Varien_Router_Standard->match(Object(Mage_Core_Controller_Request_Http))
#20 /home2/unbuon68/public_html/app/code/core/Mage/Core/Model/App.php(365): Mage_Core_Controller_Varien_Front->dispatch()
#21 /home2/unbuon68/public_html/app/Mage.php(684): Mage_Core_Model_App->run(Array)
#22 /home2/unbuon68/public_html/index.php(83): Mage::run('', 'store')
#23 {main}
2019-05-09T14:17:28+00:00 ERR (3): 
PDOException: SQLSTATE[23000]: Integrity constraint violation: 1452 Cannot add or update a child row: a foreign key constraint fails (`vilabras_site`.`catalog_product_entity`, CONSTRAINT `FK_CAT_PRD_ENTT_ATTR_SET_ID_EAV_ATTR_SET_ATTR_SET_ID` FOREIGN KEY (`attribute_set_id`) REFERENCES `eav_attribute_set` (`attribute_set_id`)) in /home/vilabras/public_html/lib/Zend/Db/Statement/Pdo.php:228
Stack trace:
#0 /home/vilabras/public_html/lib/Zend/Db/Statement/Pdo.php(228): PDOStatement->execute(Array)
#1 /home/vilabras/public_html/lib/Varien/Db/Statement/Pdo/Mysql.php(110): Zend_Db_Statement_Pdo->_execute(Array)
#2 /home/vilabras/public_html/app/code/core/Zend/Db/Statement.php(291): Varien_Db_Statement_Pdo_Mysql->_execute(Array)
#3 /home/vilabras/public_html/lib/Zend/Db/Adapter/Abstract.php(480): Zend_Db_Statement->execute(Array)
#4 /home/vilabras/public_html/lib/Zend/Db/Adapter/Pdo/Abstract.php(238): Zend_Db_Adapter_Abstract->query('INSERT INTO `ca...', Array)
#5 /home/vilabras/public_html/lib/Varien/Db/Adapter/Pdo/Mysql.php(504): Zend_Db_Adapter_Pdo_Abstract->query('INSERT INTO `ca...', Array)
#6 /home/vilabras/public_html/lib/Zend/Db/Adapter/Abstract.php(576): Varien_Db_Adapter_Pdo_Mysql->query('INSERT INTO `ca...', Array)
#7 /home/vilabras/public_html/app/code/core/Mage/Eav/Model/Entity/Abstract.php(1359): Zend_Db_Adapter_Abstract->insert('catalog_product...', Array)
#8 /home/vilabras/public_html/app/code/core/Mage/Eav/Model/Entity/Abstract.php(1123): Mage_Eav_Model_Entity_Abstract->_processSaveData(Array)
#9 /home/vilabras/public_html/app/code/core/Mage/Core/Model/Abstract.php(318): Mage_Eav_Model_Entity_Abstract->save(Object(Mage_Catalog_Model_Product))
#10 /home/vilabras/public_html/app/code/core/Mage/Adminhtml/controllers/Catalog/ProductController.php(738): Mage_Core_Model_Abstract->save()
#11 /home/vilabras/public_html/app/code/core/Mage/Core/Controller/Varien/Action.php(418): Mage_Adminhtml_Catalog_ProductController->saveAction()
#12 /home/vilabras/public_html/app/code/core/Mage/Core/Controller/Varien/Router/Standard.php(254): Mage_Core_Controller_Varien_Action->dispatch('save')
#13 /home/vilabras/public_html/app/code/core/Mage/Core/Controller/Varien/Front.php(172): Mage_Core_Controller_Varien_Router_Standard->match(Object(Mage_Core_Controller_Request_Http))
#14 /home/vilabras/public_html/app/code/core/Mage/Core/Model/App.php(365): Mage_Core_Controller_Varien_Front->dispatch()
#15 /home/vilabras/public_html/app/Mage.php(683): Mage_Core_Model_App->run(Array)
#16 /home/vilabras/public_html/index.php(83): Mage::run('', 'store')
#17 {main}

Next Zend_Db_Statement_Exception: SQLSTATE[23000]: Integrity constraint violation: 1452 Cannot add or update a child row: a foreign key constraint fails (`vilabras_site`.`catalog_product_entity`, CONSTRAINT `FK_CAT_PRD_ENTT_ATTR_SET_ID_EAV_ATTR_SET_ATTR_SET_ID` FOREIGN KEY (`attribute_set_id`) REFERENCES `eav_attribute_set` (`attribute_set_id`)), query was: INSERT INTO `catalog_product_entity` (`entity_type_id`, `sku`, `created_at`, `updated_at`) VALUES (\?, \?, '2019-05-09 14:17:28', '2019-05-09 14:17:28') in /home/vilabras/public_html/lib/Zend/Db/Statement/Pdo.php:235
Stack trace:
#0 /home/vilabras/public_html/lib/Varien/Db/Statement/Pdo/Mysql.php(110): Zend_Db_Statement_Pdo->_execute(Array)
#1 /home/vilabras/public_html/app/code/core/Zend/Db/Statement.php(291): Varien_Db_Statement_Pdo_Mysql->_execute(Array)
#2 /home/vilabras/public_html/lib/Zend/Db/Adapter/Abstract.php(480): Zend_Db_Statement->execute(Array)
#3 /home/vilabras/public_html/lib/Zend/Db/Adapter/Pdo/Abstract.php(238): Zend_Db_Adapter_Abstract->query('INSERT INTO `ca...', Array)
#4 /home/vilabras/public_html/lib/Varien/Db/Adapter/Pdo/Mysql.php(504): Zend_Db_Adapter_Pdo_Abstract->query('INSERT INTO `ca...', Array)
#5 /home/vilabras/public_html/lib/Zend/Db/Adapter/Abstract.php(576): Varien_Db_Adapter_Pdo_Mysql->query('INSERT INTO `ca...', Array)
#6 /home/vilabras/public_html/app/code/core/Mage/Eav/Model/Entity/Abstract.php(1359): Zend_Db_Adapter_Abstract->insert('catalog_product...', Array)
#7 /home/vilabras/public_html/app/code/core/Mage/Eav/Model/Entity/Abstract.php(1123): Mage_Eav_Model_Entity_Abstract->_processSaveData(Array)
#8 /home/vilabras/public_html/app/code/core/Mage/Core/Model/Abstract.php(318): Mage_Eav_Model_Entity_Abstract->save(Object(Mage_Catalog_Model_Product))
#9 /home/vilabras/public_html/app/code/core/Mage/Adminhtml/controllers/Catalog/ProductController.php(738): Mage_Core_Model_Abstract->save()
#10 /home/vilabras/public_html/app/code/core/Mage/Core/Controller/Varien/Action.php(418): Mage_Adminhtml_Catalog_ProductController->saveAction()
#11 /home/vilabras/public_html/app/code/core/Mage/Core/Controller/Varien/Router/Standard.php(254): Mage_Core_Controller_Varien_Action->dispatch('save')
#12 /home/vilabras/public_html/app/code/core/Mage/Core/Controller/Varien/Front.php(172): Mage_Core_Controller_Varien_Router_Standard->match(Object(Mage_Core_Controller_Request_Http))
#13 /home/vilabras/public_html/app/code/core/Mage/Core/Model/App.php(365): Mage_Core_Controller_Varien_Front->dispatch()
#14 /home/vilabras/public_html/app/Mage.php(683): Mage_Core_Model_App->run(Array)
#15 /home/vilabras/public_html/index.php(83): Mage::run('', 'store')
#16 {main}
